15
30
1002001
16605204
642472098
405332886
155104048
21
999999916
441
999997732
706711176
77272707
535145455
444575177
941145240
75646351
88624246
383478132
504219406
834404315
783137008
700164338
318434886
361657666
333530840
279021524
184504886
662131087
238376463
628896502
525223086
102814101
573971886
950945820
951756408
372992528
552895307
250724632
162923389
738791726
554255975
754756366
244189145
255781409
267011050
552280193
757145452
559524135
555832486
510981805
6340981
380122611
598971277
993856504
32366462
28
980477989
936764622
25186837
868713821
553640748
619970484
614223061
0
356514781
208977026
311884985
1
1
3
5
898961332
6
14
36
609065612
361818878
476716327
463175553
231751340
176895594
168309305
291807007
117128363
461562836
913827245
773364917
123351620
